<?xml version="1.0" encoding="UTF-8"?>
<!-- Generated by org.testng.reporters.JUnitReportReporter -->
<testsuite hostname="DESKTOP-OTT9B6M" failures="0" tests="1" name="menu" time="11.359" errors="0" timestamp="2023-05-16T00:48:47 EEST" skipped="0">
  <testcase classname="menu" name="TheMenu" time="11.359"/>
  <system-out/>
</testsuite> <!-- menu -->
